<?xml version="1.0" encoding="UTF-8"?>
<!-- Generated by org.testng.reporters.JUnitXMLReporter -->
<testsuite hostname="wipro-PC" name="Test" tests="1" failures="1" timestamp="1 Jan 2020 10:24:54 GMT" time="75.685" errors="0">
  <testcase name="createLead" time="75.559" classname="jan1.CreateEditLead">
    <failure type="java.lang.NullPointerException">
      <![CDATA[java.lang.NullPointerException
	at dec15.InheritanceClass.locateElement(InheritanceClass.java:45)
	at jan1.CreateEditLead.createLead(CreateEditLead.java:13)
... Removed 24 stack frames]]>
    </failure>
  </testcase> <!-- createLead -->
</testsuite> <!-- Test -->
