<?xml version="1.0" encoding="UTF-8"?>
<testng-results skipped="0" failed="0" total="1" passed="1">
  <reporter-output>
  </reporter-output>
  <suite name="Default suite" duration-ms="162372" started-at="2020-01-05T16:34:03Z" finished-at="2020-01-05T16:36:45Z">
    <groups>
    </groups>
    <test name="Default test" duration-ms="162372" started-at="2020-01-05T16:34:03Z" finished-at="2020-01-05T16:36:45Z">
      <class name="jan1.CreateEditLead">
        <test-method status="PASS" signature="createLead(java.lang.String, java.lang.String, java.lang.String, java.lang.String, java.lang.String, java.lang.String, java.lang.String, java.lang.String)[pri:0, instance:jan1.CreateEditLead@2a079c]" name="createLead" duration-ms="160380" started-at="2020-01-05T22:04:05Z" data-provider="fetchdata" finished-at="2020-01-05T22:06:45Z">
          <params>
            <param index="0">
              <value>
                <![CDATA[DemoSalesManager]]>
              </value>
            </param>
            <param index="1">
              <value>
                <![CDATA[crmsfa]]>
              </value>
            </param>
            <param index="2">
              <value>
                <![CDATA[TestLeaf]]>
              </value>
            </param>
            <param index="3">
              <value>
                <![CDATA[Mohan]]>
              </value>
            </param>
            <param index="4">
              <value>
                <![CDATA[Balaji]]>
              </value>
            </param>
            <param index="5">
              <value>
                <![CDATA[asdf]]>
              </value>
            </param>
            <param index="6">
              <value>
                <![CDATA[qwer]]>
              </value>
            </param>
            <param index="7">
              <value>
                <![CDATA[Computer Software]]>
              </value>
            </param>
          </params>
          <reporter-output>
          </reporter-output>
        </test-method> <!-- createLead -->
      </class> <!-- jan1.CreateEditLead -->
    </test> <!-- Default test -->
  </suite> <!-- Default suite -->
</testng-results>
